[10:04:22] [main/WARN] (FabricLoader/Knot) Class path entries reference missing files: C:\Users\Luca\Documents\GitHub\lumen\versions\26.1\build\resources\client - the game may not load properly!
[10:04:22] [main/INFO] (FabricLoader/GameProvider) Loading Minecraft 26.1.2 with Fabric Loader 0.18.4
[10:04:22] [main/INFO] (FabricLoader/Mappings) Mappings not present!
[10:04:23] [main/WARN] (FabricLoader/Resolution) Warnings were found!
 - Mod 'Lumen' (lumen) 0.1.0 recommends any version of vulkanmod, which is missing!
	 - You should install any version of vulkanmod for the optimal experience.
 - Mod 'Lumen' (lumen) 0.1.0 recommends any version of beryl, which is missing!
	 - You should install any version of beryl for the optimal experience.
[10:04:23] [main/INFO] (FabricLoader) Loading 51 mods:
	- fabric-api 0.151.0+26.1.2
	- fabric-api-base 2.0.3+ece063234c
	- fabric-api-lookup-api-v1 2.0.11+d5a053b64c
	- fabric-biome-api-v1 18.0.5+2fa62b4e4c
	- fabric-block-api-v1 3.0.2+ec56b6014c
	- fabric-block-getter-api-v2 2.0.6+ec56b6014c
	- fabric-client-gametest-api-v1 5.1.0+0a5283664c
	- fabric-command-api-v2 3.0.5+e2bdee784c
	- fabric-content-registries-v0 11.2.0+76b0b6bb4c
	- fabric-convention-tags-v2 4.6.1+4f11f7994c
	- fabric-crash-report-info-v1 1.0.3+9f78a5a84c
	- fabric-creative-tab-api-v1 5.0.11+d871b99e4c
	- fabric-data-attachment-api-v1 2.2.8+44a0bd1d4c
	- fabric-data-generation-api-v1 24.3.0+83dd0ba34c
	- fabric-debug-api-v1 1.0.1+c792624d4c
	- fabric-dimensions-v1 5.1.5+9cbf5da54c
	- fabric-entity-events-v1 5.0.2+e2bdee784c
	- fabric-events-interaction-v0 5.2.2+07b380be4c
	- fabric-game-rule-api-v1 4.0.5+d871b99e4c
	- fabric-gametest-api-v1 4.0.17+867b87624c
	- fabric-item-api-v1 14.1.2+73d134684c
	- fabric-key-mapping-api-v1 2.0.4+e2bdee784c
	- fabric-lifecycle-events-v1 4.1.0+6d50a0854c
	- fabric-loot-api-v3 3.0.12+00a1fba64c
	- fabric-menu-api-v1 2.0.14+d871b99e4c
	- fabric-message-api-v1 7.0.5+dae8ce3e4c
	- fabric-model-loading-api-v1 8.0.7+c80601bb4c
	- fabric-networking-api-v1 6.3.1+554860db4c
	- fabric-object-builder-api-v1 23.0.17+b95dd56e4c
	- fabric-particles-v1 5.0.15+b61fef434c
	- fabric-permission-api-v1 1.0.1+c3369b134c
	- fabric-recipe-api-v1 9.0.15+be4b75ae4c
	- fabric-registry-sync-v0 7.1.0+2fa62b4e4c
	- fabric-renderer-api-v1 13.0.4+c80601bb4c
	- fabric-renderer-indigo 8.1.1+1403e82c4c
	- fabric-rendering-fluids-v1 6.0.1+d871b99e4c
	- fabric-rendering-v1 23.1.1+1403e82c4c
	- fabric-resource-conditions-api-v1 6.1.0+83dd0ba34c
	- fabric-resource-loader-v0 3.3.17+4fc5413f4c
	- fabric-resource-loader-v1 2.0.10+7c44c7324c
	- fabric-screen-api-v1 5.0.1+d871b99e4c
	- fabric-serialization-api-v1 2.0.3+11a26f314c
	- fabric-sound-api-v1 2.0.4+11a26f314c
	- fabric-tag-api-v1 2.1.1+371cf5db4c
	- fabric-transfer-api-v1 8.0.5+357ea7334c
	- fabric-transitive-access-wideners-v1 8.1.1+7f80f93d4c
	- fabricloader 0.18.4
	- java 25
	- lumen 0.1.0
	- minecraft 26.1.2
	- mixinextras 0.5.0
[10:04:23] [main/WARN] (FabricLoader/ModRemap) Runtime mod remapping disabled due to no fabric.remapClasspathFile being specified. You may need to update loom.
[10:04:24] [main/INFO] (FabricLoader/Mixin) SpongePowered MIXIN Subsystem Version=0.8.7 Source=file:/C:/Users/Luca/.gradle/caches/modules-2/files-2.1/net.fabricmc/sponge-mixin/0.17.0+mixin.0.8.7/cf31463202f72d03b0ef1e1e38e8ee71b7faaab6/sponge-mixin-0.17.0+mixin.0.8.7.jar Service=Knot/Fabric Env=CLIENT
[10:04:24] [main/WARN] (FabricLoader/Mixin) The requested compatibility level JAVA_25 is higher than the level supported by the active subsystem 'Knot/Fabric' which supports JAVA_22. This is not a supported configuration and instability may occur.
[10:04:24] [main/INFO] (FabricLoader/Mixin) Compatibility level set to JAVA_25
[10:04:31] [main/INFO] (FabricLoader/MixinExtras|Service) Initializing MixinExtras via com.llamalad7.mixinextras.service.MixinExtrasServiceImpl(version=0.5.0).
[10:04:44] [Datafixer Bootstrap/INFO] (Minecraft) 291 Datafixer optimizations took 4874 milliseconds
[10:05:14] [Render thread/INFO] (Minecraft) Environment: Environment[sessionHost=https://sessionserver.mojang.com, servicesHost=https://api.minecraftservices.com, profilesHost=https://api.mojang.com, name=PROD]
[10:05:14] [Render thread/INFO] (Minecraft) Setting user: Player979
[10:05:15] [Render thread/INFO] (lumen) Lumen initializing...
[10:05:16] [Render thread/INFO] (lumen) [Lumen] Client initializing...
[10:05:16] [Render thread/INFO] (lumen) [Lumen] Config saved to C:\Users\Luca\Documents\GitHub\lumen\versions\26.1\run\config\lumen.json
[10:05:16] [Render thread/WARN] (lumen) [Lumen] ********************************************
[10:05:16] [Render thread/WARN] (lumen) [Lumen] * No Vulkan device detected                 *
[10:05:16] [Render thread/WARN] (lumen) [Lumen] * Lumen RT features require Vulkan.         *
[10:05:16] [Render thread/WARN] (lumen) [Lumen] * Switch to Vulkan renderer or install      *
[10:05:16] [Render thread/WARN] (lumen) [Lumen] * VulkanMod for your Minecraft version.     *
[10:05:16] [Render thread/WARN] (lumen) [Lumen] ********************************************
[10:05:16] [Render thread/INFO] (lumen) [Lumen] Renderer: §cOpenGL §e- RT disabled, switch to Vulkan
[10:05:16] [Render thread/INFO] (lumen) [Lumen] VulkanMod not loaded, skipping settings integration
[10:05:16] [Render thread/INFO] (lumen) [Lumen] [EXPERIMENTAL] Press F6 to open image adjustment overlay
[10:05:16] [Render thread/WARN] (lumen) [Lumen] ********************************************
[10:05:16] [Render thread/WARN] (lumen) [Lumen] * Lumen uses EXPERIMENTAL features        *
[10:05:16] [Render thread/WARN] (lumen) [Lumen] * Frame Gen, HDR, and Upscaling are      *
[10:05:16] [Render thread/WARN] (lumen) [Lumen] * marked [Experimental] in settings.      *
[10:05:16] [Render thread/WARN] (lumen) [Lumen] * Enable only if you understand the risk. *
[10:05:16] [Render thread/WARN] (lumen) [Lumen] ********************************************
[10:05:16] [Render thread/INFO] (Indigo) [Indigo] Registering Indigo renderer!
[10:05:16] [Download-2/ERROR] (Minecraft) Failed to fetch user properties
com.mojang.authlib.exceptions.InvalidCredentialsException: Status: 401
	at knot//com.mojang.authlib.exceptions.MinecraftClientHttpException.toAuthenticationException(MinecraftClientHttpException.java:59)
	at knot//com.mojang.authlib.yggdrasil.YggdrasilUserApiService.fetchProperties(YggdrasilUserApiService.java:150)
	at knot//net.minecraft.client.Minecraft.lambda$new$1(Minecraft.java:446)
	at java.base/java.util.concurrent.CompletableFuture$AsyncSupply.run(CompletableFuture.java:1789)
	at java.base/java.util.concurrent.ThreadPoolExecutor.runWorker(ThreadPoolExecutor.java:1090)
	at java.base/java.util.concurrent.ThreadPoolExecutor$Worker.run(ThreadPoolExecutor.java:614)
	at java.base/java.lang.Thread.run(Thread.java:1474)
Caused by: com.mojang.authlib.exceptions.MinecraftClientHttpException: Status: 401
	at knot//com.mojang.authlib.minecraft.client.MinecraftClient.readInputStream(MinecraftClient.java:103)
	at knot//com.mojang.authlib.minecraft.client.MinecraftClient.get(MinecraftClient.java:56)
	at knot//com.mojang.authlib.yggdrasil.YggdrasilUserApiService.fetchProperties(YggdrasilUserApiService.java:121)
	... 5 more
[10:05:17] [Render thread/INFO] (Minecraft) Backend library: LWJGL version 3.4.1-snapshot
[10:05:21] [Render thread/INFO] (Minecraft) Using optional rendering extensions: GL_ARB_buffer_storage, GL_KHR_debug, GL_ARB_vertex_attrib_binding, GL_ARB_direct_state_access, GL_EXT_texture_filter_anisotropic
[10:05:23] [Download-1/INFO] (Minecraft) Could not authorize you against Realms server: java.lang.RuntimeException: Failed to parse into SignedJWT: FabricMC
[10:05:23] [Download-1/ERROR] (Minecraft) Failed to fetch Realms feature flags
com.mojang.realmsclient.exception.RealmsServiceException: Realms authentication error with message 'java.lang.RuntimeException: Failed to parse into SignedJWT: FabricMC'
	at knot//com.mojang.realmsclient.client.RealmsClient.execute(RealmsClient.java:507)
	at knot//com.mojang.realmsclient.client.RealmsClient.fetchFeatureFlags(RealmsClient.java:158)
	at java.base/java.util.concurrent.CompletableFuture$AsyncSupply.run(CompletableFuture.java:1789)
	at java.base/java.util.concurrent.ThreadPoolExecutor.runWorker(ThreadPoolExecutor.java:1090)
	at java.base/java.util.concurrent.ThreadPoolExecutor$Worker.run(ThreadPoolExecutor.java:614)
	at java.base/java.lang.Thread.run(Thread.java:1474)
[10:05:24] [Render thread/INFO] (Minecraft) Reloading ResourceManager: vanilla, fabric-api, fabric-api-base, fabric-api-lookup-api-v1, fabric-biome-api-v1, fabric-block-api-v1, fabric-block-getter-api-v2, fabric-client-gametest-api-v1, fabric-command-api-v2, fabric-content-registries-v0, fabric-convention-tags-v2, fabric-crash-report-info-v1, fabric-creative-tab-api-v1, fabric-data-attachment-api-v1, fabric-data-generation-api-v1, fabric-debug-api-v1, fabric-dimensions-v1, fabric-entity-events-v1, fabric-events-interaction-v0, fabric-game-rule-api-v1, fabric-gametest-api-v1, fabric-item-api-v1, fabric-key-mapping-api-v1, fabric-lifecycle-events-v1, fabric-loot-api-v3, fabric-menu-api-v1, fabric-message-api-v1, fabric-model-loading-api-v1, fabric-networking-api-v1, fabric-object-builder-api-v1, fabric-particles-v1, fabric-permission-api-v1, fabric-recipe-api-v1, fabric-registry-sync-v0, fabric-renderer-api-v1, fabric-renderer-indigo, fabric-rendering-fluids-v1, fabric-rendering-v1, fabric-resource-conditions-api-v1, fabric-resource-loader-v0, fabric-resource-loader-v1, fabric-screen-api-v1, fabric-serialization-api-v1, fabric-sound-api-v1, fabric-tag-api-v1, fabric-transfer-api-v1, fabric-transitive-access-wideners-v1, fabricloader, lumen
[10:05:24] [Render thread/INFO] (lumen) [Lumen] VulkanMod still not available — running on OpenGL
[10:05:25] [Worker-Main-11/INFO] (Minecraft) Found unifont_all_no_pua-17.0.01.hex, loading
[10:05:25] [Worker-Main-4/INFO] (Minecraft) Found unifont_pua-17.0.01.hex, loading
[10:05:26] [Worker-Main-11/INFO] (Minecraft) Found unifont_jp_patch-17.0.01.hex, loading
[10:05:33] [Render thread/INFO] (Minecraft) OpenAL initialized on device OpenAL Soft on SteelSeries Sonar - Gaming (SteelSeries Sonar Virtual Audio Device)
[10:05:33] [Render thread/INFO] (Minecraft) Sound engine started
[10:05:33] [Render thread/INFO] (Minecraft) Created: 512x256x0 minecraft:textures/atlas/particles.png-atlas
[10:05:33] [Render thread/INFO] (Minecraft) Created: 128x128x0 minecraft:textures/atlas/decorated_pot.png-atlas
[10:05:33] [Render thread/INFO] (Minecraft) Created: 2048x1024x0 minecraft:textures/atlas/armor_trims.png-atlas
[10:05:33] [Render thread/INFO] (Minecraft) Created: 512x256x0 minecraft:textures/atlas/paintings.png-atlas
[10:05:33] [Render thread/INFO] (Minecraft) Created: 1024x512x0 minecraft:textures/atlas/shield_patterns.png-atlas
[10:05:33] [Render thread/INFO] (Minecraft) Created: 2048x2048x4 minecraft:textures/atlas/blocks.png-atlas
[10:05:33] [Render thread/INFO] (Minecraft) Created: 512x512x0 minecraft:textures/atlas/chest.png-atlas
[10:05:33] [Render thread/INFO] (Minecraft) Created: 256x128x0 minecraft:textures/atlas/celestials.png-atlas
[10:05:33] [Render thread/INFO] (Minecraft) Created: 1024x512x0 minecraft:textures/atlas/banner_patterns.png-atlas
[10:05:33] [Render thread/INFO] (Minecraft) Created: 512x512x0 minecraft:textures/atlas/beds.png-atlas
[10:05:33] [Render thread/INFO] (Minecraft) Created: 1024x512x0 minecraft:textures/atlas/items.png-atlas
[10:05:33] [Render thread/INFO] (Minecraft) Created: 1024x1024x0 minecraft:textures/atlas/gui.png-atlas
[10:05:33] [Render thread/INFO] (Minecraft) Created: 128x64x0 minecraft:textures/atlas/map_decorations.png-atlas
[10:05:33] [Render thread/INFO] (Minecraft) Created: 512x256x0 minecraft:textures/atlas/signs.png-atlas
[10:05:33] [Render thread/INFO] (Minecraft) Created: 512x512x0 minecraft:textures/atlas/shulker_boxes.png-atlas
[10:06:03] [IO-Worker-1/INFO] (Minecraft) Could not authorize you against Realms server: java.lang.RuntimeException: Failed to parse into SignedJWT: FabricMC
[10:06:03] [IO-Worker-1/ERROR] (Minecraft) Couldn't connect to realms
com.mojang.realmsclient.exception.RealmsServiceException: Realms authentication error with message 'java.lang.RuntimeException: Failed to parse into SignedJWT: FabricMC'
	at knot//com.mojang.realmsclient.client.RealmsClient.execute(RealmsClient.java:507)
	at knot//com.mojang.realmsclient.client.RealmsClient.clientCompatible(RealmsClient.java:281)
	at knot//com.mojang.realmsclient.RealmsAvailability.lambda$check$0(RealmsAvailability.java:48)
	at java.base/java.util.concurrent.CompletableFuture$AsyncSupply.run(CompletableFuture.java:1789)
	at java.base/java.util.concurrent.ThreadPoolExecutor.runWorker(ThreadPoolExecutor.java:1090)
	at java.base/java.util.concurrent.ThreadPoolExecutor$Worker.run(ThreadPoolExecutor.java:614)
	at java.base/java.lang.Thread.run(Thread.java:1474)
[10:06:16] [Render thread/INFO] (Minecraft) Loaded 1515 recipes
[10:06:16] [Render thread/INFO] (Minecraft) Loaded 1617 advancements
[10:06:19] [Render thread/INFO] (BiomeModificationImpl) Applied 0 biome modifications to 0 of 65 new biomes in 4.067 ms
[10:06:19] [Server thread/INFO] (Minecraft) Starting integrated minecraft server version 26.1.2
[10:06:19] [Server thread/INFO] (Minecraft) Generating keypair
[10:06:20] [Server thread/INFO] (Minecraft) Selecting global world spawn...
[10:06:24] [Server thread/INFO] (Minecraft) Loading 0 persistent chunks...
[10:06:24] [Server thread/INFO] (Minecraft) Preparing spawn area: 16%
[10:06:24] [Server thread/INFO] (Minecraft) Saving chunks for level 'ServerLevel[New World]'/minecraft:overworld
[10:06:24] [Server thread/INFO] (Minecraft) Saving chunks for level 'ServerLevel[New World]'/minecraft:the_end
[10:06:24] [Server thread/INFO] (Minecraft) Saving chunks for level 'ServerLevel[New World]'/minecraft:the_nether
[10:06:25] [Server thread/INFO] (Minecraft) ThreadedAnvilChunkStorage (world): All chunks are saved
[10:06:25] [Server thread/INFO] (Minecraft) ThreadedAnvilChunkStorage (DIM1): All chunks are saved
[10:06:25] [Server thread/INFO] (Minecraft) ThreadedAnvilChunkStorage (DIM-1): All chunks are saved
[10:06:25] [Server thread/INFO] (Minecraft) ThreadedAnvilChunkStorage: All dimensions are saved
[10:06:27] [Server thread/INFO] (Minecraft) Loading 47 chunks for player spawn...
[10:06:27] [Server thread/INFO] (Minecraft) Preparing spawn area: 16%
[10:06:27] [Server thread/INFO] (Minecraft) Preparing spawn area: 16%
[10:06:27] [Server thread/INFO] (Minecraft) Preparing spawn area: 16%
[10:06:27] [Server thread/INFO] (Minecraft) Preparing spawn area: 16%
[10:06:27] [Server thread/INFO] (Minecraft) Preparing spawn area: 16%
[10:06:27] [Server thread/INFO] (Minecraft) Preparing spawn area: 16%
[10:06:27] [Server thread/INFO] (Minecraft) Preparing spawn area: 16%
[10:06:27] [Server thread/INFO] (Minecraft) Preparing spawn area: 16%
[10:06:27] [Server thread/INFO] (Minecraft) Preparing spawn area: 16%
[10:06:27] [Server thread/INFO] (Minecraft) Preparing spawn area: 16%
[10:06:27] [Server thread/INFO] (Minecraft) Preparing spawn area: 16%
[10:06:27] [Server thread/INFO] (Minecraft) Preparing spawn area: 16%
[10:06:27] [Server thread/INFO] (Minecraft) Preparing spawn area: 16%
[10:06:28] [Server thread/INFO] (Minecraft) Preparing spawn area: 16%
[10:06:28] [Server thread/INFO] (Minecraft) Preparing spawn area: 16%
[10:06:28] [Server thread/INFO] (Minecraft) Preparing spawn area: 16%
[10:06:28] [Server thread/INFO] (Minecraft) Preparing spawn area: 16%
[10:06:29] [Server thread/INFO] (Minecraft) Preparing spawn area: 29%
[10:06:29] [Server thread/INFO] (Minecraft) Preparing spawn area: 29%
[10:06:30] [Server thread/INFO] (Minecraft) Preparing spawn area: 31%
[10:06:30] [Server thread/INFO] (Minecraft) Preparing spawn area: 57%
[10:06:31] [Server thread/INFO] (Minecraft) Preparing spawn area: 57%
[10:06:31] [Server thread/INFO] (Minecraft) Preparing spawn area: 57%
[10:06:32] [Server thread/INFO] (Minecraft) Time elapsed: 11975 ms
[10:06:32] [Server thread/INFO] (Minecraft) Player979[local:E:1c2c399d] logged in with entity id 45 at (-104.5, 63.0, 28.5)
[10:06:32] [Server thread/INFO] (Minecraft) Player979 joined the game
[10:06:33] [Server thread/INFO] (Minecraft) Changing view distance to 16, from 10
[10:06:33] [Server thread/INFO] (Minecraft) Changing simulation distance to 12, from 0
[10:06:33] [Render thread/INFO] (Minecraft) Loaded 2 advancements
[10:06:33] [Render thread/INFO] (Minecraft) Resizing Dynamic Transforms UBO, capacity limit of 2 reached during a single frame. New capacity will be 4.
[10:06:33] [Render thread/INFO] (Minecraft) Resizing Dynamic Transforms UBO, capacity limit of 4 reached during a single frame. New capacity will be 8.
[10:06:33] [Render thread/INFO] (Minecraft) Resizing Dynamic Transforms UBO, capacity limit of 8 reached during a single frame. New capacity will be 16.
[10:06:33] [Render thread/INFO] (Minecraft) Resizing Chunk Sections UBO, capacity limit of 2 reached during a single frame. New capacity will be 8.
[10:06:34] [Render thread/INFO] (Minecraft) Resizing Chunk Sections UBO, capacity limit of 8 reached during a single frame. New capacity will be 16.
[10:06:36] [Server thread/INFO] (Minecraft) Saving and pausing game...
[10:06:36] [Server thread/INFO] (Minecraft) Saving chunks for level 'ServerLevel[New World]'/minecraft:overworld
[10:06:36] [Server thread/INFO] (Minecraft) Saving chunks for level 'ServerLevel[New World]'/minecraft:the_end
[10:06:36] [Server thread/INFO] (Minecraft) Saving chunks for level 'ServerLevel[New World]'/minecraft:the_nether
[10:06:38] [Render thread/INFO] (Minecraft) Resizing Chunk Sections UBO, capacity limit of 16 reached during a single frame. New capacity will be 32.
[10:06:38] [Render thread/INFO] (Minecraft) Resizing Chunk Sections UBO, capacity limit of 32 reached during a single frame. New capacity will be 64.
[10:06:40] [Server thread/INFO] (Minecraft) Saving and pausing game...
[10:06:40] [Server thread/INFO] (Minecraft) Saving chunks for level 'ServerLevel[New World]'/minecraft:overworld
[10:06:40] [Server thread/INFO] (Minecraft) Saving chunks for level 'ServerLevel[New World]'/minecraft:the_end
[10:06:40] [Server thread/INFO] (Minecraft) Saving chunks for level 'ServerLevel[New World]'/minecraft:the_nether
[10:06:51] [Server thread/INFO] (Minecraft) Saving and pausing game...
[10:06:51] [Server thread/INFO] (Minecraft) Saving chunks for level 'ServerLevel[New World]'/minecraft:overworld
[10:06:51] [Render thread/INFO] (Minecraft) Resizing Chunk Sections UBO, capacity limit of 64 reached during a single frame. New capacity will be 128.
[10:06:51] [Server thread/INFO] (Minecraft) Saving chunks for level 'ServerLevel[New World]'/minecraft:the_end
[10:06:51] [Server thread/INFO] (Minecraft) Saving chunks for level 'ServerLevel[New World]'/minecraft:the_nether
[10:06:52] [Render thread/INFO] (Minecraft) Resizing Chunk Sections UBO, capacity limit of 128 reached during a single frame. New capacity will be 256.
[10:07:01] [Render thread/INFO] (Minecraft) Resizing Chunk Sections UBO, capacity limit of 256 reached during a single frame. New capacity will be 512.
[10:07:03] [Render thread/INFO] (Minecraft) Loaded 5 advancements
[10:07:12] [Server thread/INFO] (Minecraft) Saving and pausing game...
[10:07:12] [Server thread/INFO] (Minecraft) Saving chunks for level 'ServerLevel[New World]'/minecraft:overworld
[10:07:12] [Server thread/INFO] (Minecraft) Saving chunks for level 'ServerLevel[New World]'/minecraft:the_end
[10:07:12] [Server thread/INFO] (Minecraft) Saving chunks for level 'ServerLevel[New World]'/minecraft:the_nether
[10:07:23] [Render thread/INFO] (Minecraft) Stopping!
[10:07:23] [Server thread/INFO] (Minecraft) Stopping server
[10:07:23] [Server thread/INFO] (Minecraft) Saving players
[10:07:23] [Server thread/INFO] (Minecraft) Player979 lost connection: Disconnected
[10:07:23] [Server thread/INFO] (Minecraft) Player979 left the game
[10:07:24] [Server thread/INFO] (Minecraft) Stopping singleplayer server as player logged out
[10:07:24] [Server thread/INFO] (Minecraft) Saving worlds
[10:07:24] [Server thread/INFO] (Minecraft) Saving chunks for level 'ServerLevel[New World]'/minecraft:overworld
[10:07:33] [Server thread/INFO] (Minecraft) Saving chunks for level 'ServerLevel[New World]'/minecraft:the_end
[10:07:33] [Server thread/INFO] (Minecraft) Saving chunks for level 'ServerLevel[New World]'/minecraft:the_nether
[10:07:33] [Server thread/INFO] (Minecraft) ThreadedAnvilChunkStorage (world): All chunks are saved
[10:07:33] [Server thread/INFO] (Minecraft) ThreadedAnvilChunkStorage (DIM1): All chunks are saved
[10:07:33] [Server thread/INFO] (Minecraft) ThreadedAnvilChunkStorage (DIM-1): All chunks are saved
[10:07:33] [Server thread/INFO] (Minecraft) ThreadedAnvilChunkStorage: All dimensions are saved
